The target system is: Linux -  - arm
The host system is: Linux - 4.4.0-142-generic - x86_64
Compiling the C compiler identification source file "CMakeCCompilerId.c" succeeded.
Compiler: /usr/bin/arm-linux-gnueabihf-gcc 
Build flags: 
Id flags: 

The output was:
0


Compilation of the C compiler identification source "CMakeCCompilerId.c" produced "a.out"

The C compiler identification is GNU, found in "/home/hyeongjun/workspace/raspberrypi/build_arm/CMakeFiles/3.2.2/CompilerIdC/a.out"

Determining if the C compiler works passed with the following output:
Change Dir: /home/hyeongjun/workspace/raspberrypi/build_arm/CMakeFiles/CMakeTmp

Run Build Command:"/usr/bin/make" "cmTryCompileExec727883730/fast"
/usr/bin/make -f CMakeFiles/cmTryCompileExec727883730.dir/build.make CMakeFiles/cmTryCompileExec727883730.dir/build
make[1]: Entering directory `/home/hyeongjun/workspace/raspberrypi/build_arm/CMakeFiles/CMakeTmp'
/usr/bin/cmake -E cmake_progress_report /home/hyeongjun/workspace/raspberrypi/build_arm/CMakeFiles/CMakeTmp/CMakeFiles 1
Building C object CMakeFiles/cmTryCompileExec727883730.dir/testCCompiler.c.o
/usr/bin/arm-linux-gnueabihf-gcc    -o CMakeFiles/cmTryCompileExec727883730.dir/testCCompiler.c.o   -c /home/hyeongjun/workspace/raspberrypi/build_arm/CMakeFiles/CMakeTmp/testCCompiler.c
Linking C executable cmTryCompileExec727883730
/usr/bin/cmake -E cmake_link_script CMakeFiles/cmTryCompileExec727883730.dir/link.txt --verbose=1
/usr/bin/arm-linux-gnueabihf-gcc       CMakeFiles/cmTryCompileExec727883730.dir/testCCompiler.c.o  -o cmTryCompileExec727883730 -rdynamic 
make[1]: Leaving directory `/home/hyeongjun/workspace/raspberrypi/build_arm/CMakeFiles/CMakeTmp'


Detecting C compiler ABI info compiled with the following output:
Change Dir: /home/hyeongjun/workspace/raspberrypi/build_arm/CMakeFiles/CMakeTmp

Run Build Command:"/usr/bin/make" "cmTryCompileExec2978584792/fast"
/usr/bin/make -f CMakeFiles/cmTryCompileExec2978584792.dir/build.make CMakeFiles/cmTryCompileExec2978584792.dir/build
make[1]: Entering directory `/home/hyeongjun/workspace/raspberrypi/build_arm/CMakeFiles/CMakeTmp'
/usr/bin/cmake -E cmake_progress_report /home/hyeongjun/workspace/raspberrypi/build_arm/CMakeFiles/CMakeTmp/CMakeFiles 1
Building C object CMakeFiles/cmTryCompileExec2978584792.dir/CMakeCCompilerABI.c.o
/usr/bin/arm-linux-gnueabihf-gcc    -o CMakeFiles/cmTryCompileExec2978584792.dir/CMakeCCompilerABI.c.o   -c /usr/share/cmake-3.2/Modules/CMakeCCompilerABI.c
Linking C executable cmTryCompileExec2978584792
/usr/bin/cmake -E cmake_link_script CMakeFiles/cmTryCompileExec2978584792.dir/link.txt --verbose=1
/usr/bin/arm-linux-gnueabihf-gcc      -v CMakeFiles/cmTryCompileExec2978584792.dir/CMakeCCompilerABI.c.o  -o cmTryCompileExec2978584792 -rdynamic  
Using built-in specs.
COLLECT_GCC=/usr/bin/arm-linux-gnueabihf-gcc
COLLECT_LTO_WRAPPER=/usr/lib/gcc-cross/arm-linux-gnueabihf/4.8/lto-wrapper
Target: arm-linux-gnueabihf
Configured with: ../src/configure -v --with-pkgversion='Ubuntu/Linaro 4.8.4-2ubuntu1~14.04.1' --with-bugurl=file:///usr/share/doc/gcc-4.8/README.Bugs --enable-languages=c,c++,java,go,d,fortran,objc,obj-c++ --prefix=/usr --program-suffix=-4.8 --enable-shared --enable-linker-build-id --libexecdir=/usr/lib --without-included-gettext --enable-threads=posix --with-gxx-include-dir=/usr/arm-linux-gnueabihf/include/c++/4.8.4 --libdir=/usr/lib --enable-nls --with-sysroot=/ --enable-clocale=gnu --enable-libstdcxx-debug --enable-libstdcxx-time=yes --enable-gnu-unique-object --disable-libmudflap --disable-libitm --disable-libquadmath --enable-plugin --with-system-zlib --disable-browser-plugin --enable-java-awt=gtk --enable-gtk-cairo --with-java-home=/usr/lib/jvm/java-1.5.0-gcj-4.8-armhf-cross/jre --enable-java-home --with-jvm-root-dir=/usr/lib/jvm/java-1.5.0-gcj-4.8-armhf-cross --with-jvm-jar-dir=/usr/lib/jvm-exports/java-1.5.0-gcj-4.8-armhf-cross --with-arch-directory=arm --with-ecj-jar=/usr/share/java/eclipse-ecj.jar --disable-libgcj --enable-objc-gc --enable-multiarch --enable-multilib --disable-sjlj-exceptions --with-arch=armv7-a --with-fpu=vfpv3-d16 --with-float=hard --with-mode=thumb --disable-werror --enable-checking=release --build=x86_64-linux-gnu --host=x86_64-linux-gnu --target=arm-linux-gnueabihf --program-prefix=arm-linux-gnueabihf- --includedir=/usr/arm-linux-gnueabihf/include
Thread model: posix
gcc version 4.8.4 (Ubuntu/Linaro 4.8.4-2ubuntu1~14.04.1) 
COMPILER_PATH=/usr/lib/gcc-cross/arm-linux-gnueabihf/4.8/:/usr/lib/gcc-cross/arm-linux-gnueabihf/4.8/:/usr/lib/gcc-cross/arm-linux-gnueabihf/:/usr/lib/gcc-cross/arm-linux-gnueabihf/4.8/:/usr/lib/gcc-cross/arm-linux-gnueabihf/:/usr/lib/gcc-cross/arm-linux-gnueabihf/4.8/../../../../arm-linux-gnueabihf/bin/
LIBRARY_PATH=/usr/lib/gcc-cross/arm-linux-gnueabihf/4.8/:/usr/lib/gcc-cross/arm-linux-gnueabihf/4.8/../../../../arm-linux-gnueabihf/lib/../lib/:/lib/../lib/:/usr/lib/../lib/:/usr/lib/gcc-cross/arm-linux-gnueabihf/4.8/../../../../arm-linux-gnueabihf/lib/:/lib/:/usr/lib/
COLLECT_GCC_OPTIONS='-v' '-o' 'cmTryCompileExec2978584792' '-rdynamic' '-march=armv7-a' '-mfloat-abi=hard' '-mfpu=vfpv3-d16' '-mthumb' '-mtls-dialect=gnu'
 /usr/lib/gcc-cross/arm-linux-gnueabihf/4.8/collect2 --sysroot=/ --build-id --eh-frame-hdr -export-dynamic -dynamic-linker /lib/ld-linux-armhf.so.3 -X --hash-style=gnu --as-needed -m armelf_linux_eabi -z relro -o cmTryCompileExec2978584792 /usr/lib/gcc-cross/arm-linux-gnueabihf/4.8/../../../../arm-linux-gnueabihf/lib/../lib/crt1.o /usr/lib/gcc-cross/arm-linux-gnueabihf/4.8/../../../../arm-linux-gnueabihf/lib/../lib/crti.o /usr/lib/gcc-cross/arm-linux-gnueabihf/4.8/crtbegin.o -L/usr/lib/gcc-cross/arm-linux-gnueabihf/4.8 -L/usr/lib/gcc-cross/arm-linux-gnueabihf/4.8/../../../../arm-linux-gnueabihf/lib/../lib -L/lib/../lib -L/usr/lib/../lib -L/usr/lib/gcc-cross/arm-linux-gnueabihf/4.8/../../../../arm-linux-gnueabihf/lib CMakeFiles/cmTryCompileExec2978584792.dir/CMakeCCompilerABI.c.o -lgcc --as-needed -lgcc_s --no-as-needed -lc -lgcc --as-needed -lgcc_s --no-as-needed /usr/lib/gcc-cross/arm-linux-gnueabihf/4.8/crtend.o /usr/lib/gcc-cross/arm-linux-gnueabihf/4.8/../../../../arm-linux-gnueabihf/lib/../lib/crtn.o
make[1]: Leaving directory `/home/hyeongjun/workspace/raspberrypi/build_arm/CMakeFiles/CMakeTmp'


Parsed C implicit link information from above output:
  link line regex: [^( *|.*[/\])(arm-linux-gnueabihf-ld|([^/\]+-)?ld|collect2)[^/\]*( |$)]
  ignore line: [Change Dir: /home/hyeongjun/workspace/raspberrypi/build_arm/CMakeFiles/CMakeTmp]
  ignore line: []
  ignore line: [Run Build Command:"/usr/bin/make" "cmTryCompileExec2978584792/fast"]
  ignore line: [/usr/bin/make -f CMakeFiles/cmTryCompileExec2978584792.dir/build.make CMakeFiles/cmTryCompileExec2978584792.dir/build]
  ignore line: [make[1]: Entering directory `/home/hyeongjun/workspace/raspberrypi/build_arm/CMakeFiles/CMakeTmp']
  ignore line: [/usr/bin/cmake -E cmake_progress_report /home/hyeongjun/workspace/raspberrypi/build_arm/CMakeFiles/CMakeTmp/CMakeFiles 1]
  ignore line: [Building C object CMakeFiles/cmTryCompileExec2978584792.dir/CMakeCCompilerABI.c.o]
  ignore line: [/usr/bin/arm-linux-gnueabihf-gcc    -o CMakeFiles/cmTryCompileExec2978584792.dir/CMakeCCompilerABI.c.o   -c /usr/share/cmake-3.2/Modules/CMakeCCompilerABI.c]
  ignore line: [Linking C executable cmTryCompileExec2978584792]
  ignore line: [/usr/bin/cmake -E cmake_link_script CMakeFiles/cmTryCompileExec2978584792.dir/link.txt --verbose=1]
  ignore line: [/usr/bin/arm-linux-gnueabihf-gcc      -v CMakeFiles/cmTryCompileExec2978584792.dir/CMakeCCompilerABI.c.o  -o cmTryCompileExec2978584792 -rdynamic  ]
  ignore line: [Using built-in specs.]
  ignore line: [COLLECT_GCC=/usr/bin/arm-linux-gnueabihf-gcc]
  ignore line: [COLLECT_LTO_WRAPPER=/usr/lib/gcc-cross/arm-linux-gnueabihf/4.8/lto-wrapper]
  ignore line: [Target: arm-linux-gnueabihf]
  ignore line: [Configured with: ../src/configure -v --with-pkgversion='Ubuntu/Linaro 4.8.4-2ubuntu1~14.04.1' --with-bugurl=file:///usr/share/doc/gcc-4.8/README.Bugs --enable-languages=c,c++,java,go,d,fortran,objc,obj-c++ --prefix=/usr --program-suffix=-4.8 --enable-shared --enable-linker-build-id --libexecdir=/usr/lib --without-included-gettext --enable-threads=posix --with-gxx-include-dir=/usr/arm-linux-gnueabihf/include/c++/4.8.4 --libdir=/usr/lib --enable-nls --with-sysroot=/ --enable-clocale=gnu --enable-libstdcxx-debug --enable-libstdcxx-time=yes --enable-gnu-unique-object --disable-libmudflap --disable-libitm --disable-libquadmath --enable-plugin --with-system-zlib --disable-browser-plugin --enable-java-awt=gtk --enable-gtk-cairo --with-java-home=/usr/lib/jvm/java-1.5.0-gcj-4.8-armhf-cross/jre --enable-java-home --with-jvm-root-dir=/usr/lib/jvm/java-1.5.0-gcj-4.8-armhf-cross --with-jvm-jar-dir=/usr/lib/jvm-exports/java-1.5.0-gcj-4.8-armhf-cross --with-arch-directory=arm --with-ecj-jar=/usr/share/java/eclipse-ecj.jar --disable-libgcj --enable-objc-gc --enable-multiarch --enable-multilib --disable-sjlj-exceptions --with-arch=armv7-a --with-fpu=vfpv3-d16 --with-float=hard --with-mode=thumb --disable-werror --enable-checking=release --build=x86_64-linux-gnu --host=x86_64-linux-gnu --target=arm-linux-gnueabihf --program-prefix=arm-linux-gnueabihf- --includedir=/usr/arm-linux-gnueabihf/include]
  ignore line: [Thread model: posix]
  ignore line: [gcc version 4.8.4 (Ubuntu/Linaro 4.8.4-2ubuntu1~14.04.1) ]
  ignore line: [COMPILER_PATH=/usr/lib/gcc-cross/arm-linux-gnueabihf/4.8/:/usr/lib/gcc-cross/arm-linux-gnueabihf/4.8/:/usr/lib/gcc-cross/arm-linux-gnueabihf/:/usr/lib/gcc-cross/arm-linux-gnueabihf/4.8/:/usr/lib/gcc-cross/arm-linux-gnueabihf/:/usr/lib/gcc-cross/arm-linux-gnueabihf/4.8/../../../../arm-linux-gnueabihf/bin/]
  ignore line: [LIBRARY_PATH=/usr/lib/gcc-cross/arm-linux-gnueabihf/4.8/:/usr/lib/gcc-cross/arm-linux-gnueabihf/4.8/../../../../arm-linux-gnueabihf/lib/../lib/:/lib/../lib/:/usr/lib/../lib/:/usr/lib/gcc-cross/arm-linux-gnueabihf/4.8/../../../../arm-linux-gnueabihf/lib/:/lib/:/usr/lib/]
  ignore line: [COLLECT_GCC_OPTIONS='-v' '-o' 'cmTryCompileExec2978584792' '-rdynamic' '-march=armv7-a' '-mfloat-abi=hard' '-mfpu=vfpv3-d16' '-mthumb' '-mtls-dialect=gnu']
  link line: [ /usr/lib/gcc-cross/arm-linux-gnueabihf/4.8/collect2 --sysroot=/ --build-id --eh-frame-hdr -export-dynamic -dynamic-linker /lib/ld-linux-armhf.so.3 -X --hash-style=gnu --as-needed -m armelf_linux_eabi -z relro -o cmTryCompileExec2978584792 /usr/lib/gcc-cross/arm-linux-gnueabihf/4.8/../../../../arm-linux-gnueabihf/lib/../lib/crt1.o /usr/lib/gcc-cross/arm-linux-gnueabihf/4.8/../../../../arm-linux-gnueabihf/lib/../lib/crti.o /usr/lib/gcc-cross/arm-linux-gnueabihf/4.8/crtbegin.o -L/usr/lib/gcc-cross/arm-linux-gnueabihf/4.8 -L/usr/lib/gcc-cross/arm-linux-gnueabihf/4.8/../../../../arm-linux-gnueabihf/lib/../lib -L/lib/../lib -L/usr/lib/../lib -L/usr/lib/gcc-cross/arm-linux-gnueabihf/4.8/../../../../arm-linux-gnueabihf/lib CMakeFiles/cmTryCompileExec2978584792.dir/CMakeCCompilerABI.c.o -lgcc --as-needed -lgcc_s --no-as-needed -lc -lgcc --as-needed -lgcc_s --no-as-needed /usr/lib/gcc-cross/arm-linux-gnueabihf/4.8/crtend.o /usr/lib/gcc-cross/arm-linux-gnueabihf/4.8/../../../../arm-linux-gnueabihf/lib/../lib/crtn.o]
    arg [/usr/lib/gcc-cross/arm-linux-gnueabihf/4.8/collect2] ==> ignore
    arg [--sysroot=/] ==> ignore
    arg [--build-id] ==> ignore
    arg [--eh-frame-hdr] ==> ignore
    arg [-export-dynamic] ==> ignore
    arg [-dynamic-linker] ==> ignore
    arg [/lib/ld-linux-armhf.so.3] ==> ignore
    arg [-X] ==> ignore
    arg [--hash-style=gnu] ==> ignore
    arg [--as-needed] ==> ignore
    arg [-m] ==> ignore
    arg [armelf_linux_eabi] ==> ignore
    arg [-zrelro] ==> ignore
    arg [-o] ==> ignore
    arg [cmTryCompileExec2978584792] ==> ignore
    arg [/usr/lib/gcc-cross/arm-linux-gnueabihf/4.8/../../../../arm-linux-gnueabihf/lib/../lib/crt1.o] ==> ignore
    arg [/usr/lib/gcc-cross/arm-linux-gnueabihf/4.8/../../../../arm-linux-gnueabihf/lib/../lib/crti.o] ==> ignore
    arg [/usr/lib/gcc-cross/arm-linux-gnueabihf/4.8/crtbegin.o] ==> ignore
    arg [-L/usr/lib/gcc-cross/arm-linux-gnueabihf/4.8] ==> dir [/usr/lib/gcc-cross/arm-linux-gnueabihf/4.8]
    arg [-L/usr/lib/gcc-cross/arm-linux-gnueabihf/4.8/../../../../arm-linux-gnueabihf/lib/../lib] ==> dir [/usr/lib/gcc-cross/arm-linux-gnueabihf/4.8/../../../../arm-linux-gnueabihf/lib/../lib]
    arg [-L/lib/../lib] ==> dir [/lib/../lib]
    arg [-L/usr/lib/../lib] ==> dir [/usr/lib/../lib]
    arg [-L/usr/lib/gcc-cross/arm-linux-gnueabihf/4.8/../../../../arm-linux-gnueabihf/lib] ==> dir [/usr/lib/gcc-cross/arm-linux-gnueabihf/4.8/../../../../arm-linux-gnueabihf/lib]
    arg [CMakeFiles/cmTryCompileExec2978584792.dir/CMakeCCompilerABI.c.o] ==> ignore
    arg [-lgcc] ==> lib [gcc]
    arg [--as-needed] ==> ignore
    arg [-lgcc_s] ==> lib [gcc_s]
    arg [--no-as-needed] ==> ignore
    arg [-lc] ==> lib [c]
    arg [-lgcc] ==> lib [gcc]
    arg [--as-needed] ==> ignore
    arg [-lgcc_s] ==> lib [gcc_s]
    arg [--no-as-needed] ==> ignore
    arg [/usr/lib/gcc-cross/arm-linux-gnueabihf/4.8/crtend.o] ==> ignore
    arg [/usr/lib/gcc-cross/arm-linux-gnueabihf/4.8/../../../../arm-linux-gnueabihf/lib/../lib/crtn.o] ==> ignore
  remove lib [gcc]
  remove lib [gcc_s]
  remove lib [gcc]
  remove lib [gcc_s]
  collapse library dir [/usr/lib/gcc-cross/arm-linux-gnueabihf/4.8] ==> [/usr/lib/gcc-cross/arm-linux-gnueabihf/4.8]
  collapse library dir [/usr/lib/gcc-cross/arm-linux-gnueabihf/4.8/../../../../arm-linux-gnueabihf/lib/../lib] ==> [/usr/arm-linux-gnueabihf/lib]
  collapse library dir [/lib/../lib] ==> [/lib]
  collapse library dir [/usr/lib/../lib] ==> [/usr/lib]
  collapse library dir [/usr/lib/gcc-cross/arm-linux-gnueabihf/4.8/../../../../arm-linux-gnueabihf/lib] ==> [/usr/arm-linux-gnueabihf/lib]
  implicit libs: [c]
  implicit dirs: [/usr/lib/gcc-cross/arm-linux-gnueabihf/4.8;/usr/arm-linux-gnueabihf/lib;/lib;/usr/lib]
  implicit fwks: []




Detecting C [-std=c11] compiler features compiled with the following output:
Change Dir: /home/hyeongjun/workspace/raspberrypi/build_arm/CMakeFiles/CMakeTmp

Run Build Command:"/usr/bin/make" "cmTryCompileExec4185798590/fast"
/usr/bin/make -f CMakeFiles/cmTryCompileExec4185798590.dir/build.make CMakeFiles/cmTryCompileExec4185798590.dir/build
make[1]: Entering directory `/home/hyeongjun/workspace/raspberrypi/build_arm/CMakeFiles/CMakeTmp'
/usr/bin/cmake -E cmake_progress_report /home/hyeongjun/workspace/raspberrypi/build_arm/CMakeFiles/CMakeTmp/CMakeFiles 1
Building C object CMakeFiles/cmTryCompileExec4185798590.dir/feature_tests.c.o
/usr/bin/arm-linux-gnueabihf-gcc   -std=c11 -o CMakeFiles/cmTryCompileExec4185798590.dir/feature_tests.c.o   -c /home/hyeongjun/workspace/raspberrypi/build_arm/CMakeFiles/feature_tests.c
Linking C executable cmTryCompileExec4185798590
/usr/bin/cmake -E cmake_link_script CMakeFiles/cmTryCompileExec4185798590.dir/link.txt --verbose=1
/usr/bin/arm-linux-gnueabihf-gcc       CMakeFiles/cmTryCompileExec4185798590.dir/feature_tests.c.o  -o cmTryCompileExec4185798590 -rdynamic 
make[1]: Leaving directory `/home/hyeongjun/workspace/raspberrypi/build_arm/CMakeFiles/CMakeTmp'


    Feature record: C_FEATURE:1c_function_prototypes
    Feature record: C_FEATURE:1c_restrict
    Feature record: C_FEATURE:1c_static_assert
    Feature record: C_FEATURE:1c_variadic_macros


Detecting C [-std=c99] compiler features compiled with the following output:
Change Dir: /home/hyeongjun/workspace/raspberrypi/build_arm/CMakeFiles/CMakeTmp

Run Build Command:"/usr/bin/make" "cmTryCompileExec1232493135/fast"
/usr/bin/make -f CMakeFiles/cmTryCompileExec1232493135.dir/build.make CMakeFiles/cmTryCompileExec1232493135.dir/build
make[1]: Entering directory `/home/hyeongjun/workspace/raspberrypi/build_arm/CMakeFiles/CMakeTmp'
/usr/bin/cmake -E cmake_progress_report /home/hyeongjun/workspace/raspberrypi/build_arm/CMakeFiles/CMakeTmp/CMakeFiles 1
Building C object CMakeFiles/cmTryCompileExec1232493135.dir/feature_tests.c.o
/usr/bin/arm-linux-gnueabihf-gcc   -std=c99 -o CMakeFiles/cmTryCompileExec1232493135.dir/feature_tests.c.o   -c /home/hyeongjun/workspace/raspberrypi/build_arm/CMakeFiles/feature_tests.c
Linking C executable cmTryCompileExec1232493135
/usr/bin/cmake -E cmake_link_script CMakeFiles/cmTryCompileExec1232493135.dir/link.txt --verbose=1
/usr/bin/arm-linux-gnueabihf-gcc       CMakeFiles/cmTryCompileExec1232493135.dir/feature_tests.c.o  -o cmTryCompileExec1232493135 -rdynamic 
make[1]: Leaving directory `/home/hyeongjun/workspace/raspberrypi/build_arm/CMakeFiles/CMakeTmp'


    Feature record: C_FEATURE:1c_function_prototypes
    Feature record: C_FEATURE:1c_restrict
    Feature record: C_FEATURE:0c_static_assert
    Feature record: C_FEATURE:1c_variadic_macros


Detecting C [-std=c90] compiler features compiled with the following output:
Change Dir: /home/hyeongjun/workspace/raspberrypi/build_arm/CMakeFiles/CMakeTmp

Run Build Command:"/usr/bin/make" "cmTryCompileExec1749606263/fast"
/usr/bin/make -f CMakeFiles/cmTryCompileExec1749606263.dir/build.make CMakeFiles/cmTryCompileExec1749606263.dir/build
make[1]: Entering directory `/home/hyeongjun/workspace/raspberrypi/build_arm/CMakeFiles/CMakeTmp'
/usr/bin/cmake -E cmake_progress_report /home/hyeongjun/workspace/raspberrypi/build_arm/CMakeFiles/CMakeTmp/CMakeFiles 1
Building C object CMakeFiles/cmTryCompileExec1749606263.dir/feature_tests.c.o
/usr/bin/arm-linux-gnueabihf-gcc   -std=c90 -o CMakeFiles/cmTryCompileExec1749606263.dir/feature_tests.c.o   -c /home/hyeongjun/workspace/raspberrypi/build_arm/CMakeFiles/feature_tests.c
Linking C executable cmTryCompileExec1749606263
/usr/bin/cmake -E cmake_link_script CMakeFiles/cmTryCompileExec1749606263.dir/link.txt --verbose=1
/usr/bin/arm-linux-gnueabihf-gcc       CMakeFiles/cmTryCompileExec1749606263.dir/feature_tests.c.o  -o cmTryCompileExec1749606263 -rdynamic 
make[1]: Leaving directory `/home/hyeongjun/workspace/raspberrypi/build_arm/CMakeFiles/CMakeTmp'


    Feature record: C_FEATURE:1c_function_prototypes
    Feature record: C_FEATURE:0c_restrict
    Feature record: C_FEATURE:0c_static_assert
    Feature record: C_FEATURE:0c_variadic_macros
Compiling the CXX compiler identification source file "CMakeCXXCompilerId.cpp" succeeded.
Compiler: /usr/bin/arm-linux-gnueabihf-g++ 
Build flags: 
Id flags: 

The output was:
0


Compilation of the CXX compiler identification source "CMakeCXXCompilerId.cpp" produced "a.out"

The CXX compiler identification is GNU, found in "/home/hyeongjun/workspace/raspberrypi/build_arm/CMakeFiles/3.2.2/CompilerIdCXX/a.out"

Determining if the CXX compiler works passed with the following output:
Change Dir: /home/hyeongjun/workspace/raspberrypi/build_arm/CMakeFiles/CMakeTmp

Run Build Command:"/usr/bin/make" "cmTryCompileExec3377014906/fast"
/usr/bin/make -f CMakeFiles/cmTryCompileExec3377014906.dir/build.make CMakeFiles/cmTryCompileExec3377014906.dir/build
make[1]: Entering directory `/home/hyeongjun/workspace/raspberrypi/build_arm/CMakeFiles/CMakeTmp'
/usr/bin/cmake -E cmake_progress_report /home/hyeongjun/workspace/raspberrypi/build_arm/CMakeFiles/CMakeTmp/CMakeFiles 1
Building CXX object CMakeFiles/cmTryCompileExec3377014906.dir/testCXXCompiler.cxx.o
/usr/bin/arm-linux-gnueabihf-g++     -o CMakeFiles/cmTryCompileExec3377014906.dir/testCXXCompiler.cxx.o -c /home/hyeongjun/workspace/raspberrypi/build_arm/CMakeFiles/CMakeTmp/testCXXCompiler.cxx
Linking CXX executable cmTryCompileExec3377014906
/usr/bin/cmake -E cmake_link_script CMakeFiles/cmTryCompileExec3377014906.dir/link.txt --verbose=1
/usr/bin/arm-linux-gnueabihf-g++        CMakeFiles/cmTryCompileExec3377014906.dir/testCXXCompiler.cxx.o  -o cmTryCompileExec3377014906 -rdynamic 
make[1]: Leaving directory `/home/hyeongjun/workspace/raspberrypi/build_arm/CMakeFiles/CMakeTmp'


Detecting CXX compiler ABI info compiled with the following output:
Change Dir: /home/hyeongjun/workspace/raspberrypi/build_arm/CMakeFiles/CMakeTmp

Run Build Command:"/usr/bin/make" "cmTryCompileExec3739128685/fast"
/usr/bin/make -f CMakeFiles/cmTryCompileExec3739128685.dir/build.make CMakeFiles/cmTryCompileExec3739128685.dir/build
make[1]: Entering directory `/home/hyeongjun/workspace/raspberrypi/build_arm/CMakeFiles/CMakeTmp'
/usr/bin/cmake -E cmake_progress_report /home/hyeongjun/workspace/raspberrypi/build_arm/CMakeFiles/CMakeTmp/CMakeFiles 1
Building CXX object CMakeFiles/cmTryCompileExec3739128685.dir/CMakeCXXCompilerABI.cpp.o
/usr/bin/arm-linux-gnueabihf-g++     -o CMakeFiles/cmTryCompileExec3739128685.dir/CMakeCXXCompilerABI.cpp.o -c /usr/share/cmake-3.2/Modules/CMakeCXXCompilerABI.cpp
Linking CXX executable cmTryCompileExec3739128685
/usr/bin/cmake -E cmake_link_script CMakeFiles/cmTryCompileExec3739128685.dir/link.txt --verbose=1
/usr/bin/arm-linux-gnueabihf-g++       -v CMakeFiles/cmTryCompileExec3739128685.dir/CMakeCXXCompilerABI.cpp.o  -o cmTryCompileExec3739128685 -rdynamic  
Using built-in specs.
COLLECT_GCC=/usr/bin/arm-linux-gnueabihf-g++
COLLECT_LTO_WRAPPER=/usr/lib/gcc-cross/arm-linux-gnueabihf/4.8/lto-wrapper
Target: arm-linux-gnueabihf
Configured with: ../src/configure -v --with-pkgversion='Ubuntu/Linaro 4.8.4-2ubuntu1~14.04.1' --with-bugurl=file:///usr/share/doc/gcc-4.8/README.Bugs --enable-languages=c,c++,java,go,d,fortran,objc,obj-c++ --prefix=/usr --program-suffix=-4.8 --enable-shared --enable-linker-build-id --libexecdir=/usr/lib --without-included-gettext --enable-threads=posix --with-gxx-include-dir=/usr/arm-linux-gnueabihf/include/c++/4.8.4 --libdir=/usr/lib --enable-nls --with-sysroot=/ --enable-clocale=gnu --enable-libstdcxx-debug --enable-libstdcxx-time=yes --enable-gnu-unique-object --disable-libmudflap --disable-libitm --disable-libquadmath --enable-plugin --with-system-zlib --disable-browser-plugin --enable-java-awt=gtk --enable-gtk-cairo --with-java-home=/usr/lib/jvm/java-1.5.0-gcj-4.8-armhf-cross/jre --enable-java-home --with-jvm-root-dir=/usr/lib/jvm/java-1.5.0-gcj-4.8-armhf-cross --with-jvm-jar-dir=/usr/lib/jvm-exports/java-1.5.0-gcj-4.8-armhf-cross --with-arch-directory=arm --with-ecj-jar=/usr/share/java/eclipse-ecj.jar --disable-libgcj --enable-objc-gc --enable-multiarch --enable-multilib --disable-sjlj-exceptions --with-arch=armv7-a --with-fpu=vfpv3-d16 --with-float=hard --with-mode=thumb --disable-werror --enable-checking=release --build=x86_64-linux-gnu --host=x86_64-linux-gnu --target=arm-linux-gnueabihf --program-prefix=arm-linux-gnueabihf- --includedir=/usr/arm-linux-gnueabihf/include
Thread model: posix
gcc version 4.8.4 (Ubuntu/Linaro 4.8.4-2ubuntu1~14.04.1) 
COMPILER_PATH=/usr/lib/gcc-cross/arm-linux-gnueabihf/4.8/:/usr/lib/gcc-cross/arm-linux-gnueabihf/4.8/:/usr/lib/gcc-cross/arm-linux-gnueabihf/:/usr/lib/gcc-cross/arm-linux-gnueabihf/4.8/:/usr/lib/gcc-cross/arm-linux-gnueabihf/:/usr/lib/gcc-cross/arm-linux-gnueabihf/4.8/../../../../arm-linux-gnueabihf/bin/
LIBRARY_PATH=/usr/lib/gcc-cross/arm-linux-gnueabihf/4.8/:/usr/lib/gcc-cross/arm-linux-gnueabihf/4.8/../../../../arm-linux-gnueabihf/lib/../lib/:/lib/../lib/:/usr/lib/../lib/:/usr/lib/gcc-cross/arm-linux-gnueabihf/4.8/../../../../arm-linux-gnueabihf/lib/:/lib/:/usr/lib/
COLLECT_GCC_OPTIONS='-v' '-o' 'cmTryCompileExec3739128685' '-rdynamic' '-shared-libgcc' '-march=armv7-a' '-mfloat-abi=hard' '-mfpu=vfpv3-d16' '-mthumb' '-mtls-dialect=gnu'
 /usr/lib/gcc-cross/arm-linux-gnueabihf/4.8/collect2 --sysroot=/ --build-id --eh-frame-hdr -export-dynamic -dynamic-linker /lib/ld-linux-armhf.so.3 -X --hash-style=gnu --as-needed -m armelf_linux_eabi -z relro -o cmTryCompileExec3739128685 /usr/lib/gcc-cross/arm-linux-gnueabihf/4.8/../../../../arm-linux-gnueabihf/lib/../lib/crt1.o /usr/lib/gcc-cross/arm-linux-gnueabihf/4.8/../../../../arm-linux-gnueabihf/lib/../lib/crti.o /usr/lib/gcc-cross/arm-linux-gnueabihf/4.8/crtbegin.o -L/usr/lib/gcc-cross/arm-linux-gnueabihf/4.8 -L/usr/lib/gcc-cross/arm-linux-gnueabihf/4.8/../../../../arm-linux-gnueabihf/lib/../lib -L/lib/../lib -L/usr/lib/../lib -L/usr/lib/gcc-cross/arm-linux-gnueabihf/4.8/../../../../arm-linux-gnueabihf/lib CMakeFiles/cmTryCompileExec3739128685.dir/CMakeCXXCompilerABI.cpp.o -lstdc++ -lm -lgcc_s -lgcc -lc -lgcc_s -lgcc /usr/lib/gcc-cross/arm-linux-gnueabihf/4.8/crtend.o /usr/lib/gcc-cross/arm-linux-gnueabihf/4.8/../../../../arm-linux-gnueabihf/lib/../lib/crtn.o
make[1]: Leaving directory `/home/hyeongjun/workspace/raspberrypi/build_arm/CMakeFiles/CMakeTmp'


Parsed CXX implicit link information from above output:
  link line regex: [^( *|.*[/\])(arm-linux-gnueabihf-ld|([^/\]+-)?ld|collect2)[^/\]*( |$)]
  ignore line: [Change Dir: /home/hyeongjun/workspace/raspberrypi/build_arm/CMakeFiles/CMakeTmp]
  ignore line: []
  ignore line: [Run Build Command:"/usr/bin/make" "cmTryCompileExec3739128685/fast"]
  ignore line: [/usr/bin/make -f CMakeFiles/cmTryCompileExec3739128685.dir/build.make CMakeFiles/cmTryCompileExec3739128685.dir/build]
  ignore line: [make[1]: Entering directory `/home/hyeongjun/workspace/raspberrypi/build_arm/CMakeFiles/CMakeTmp']
  ignore line: [/usr/bin/cmake -E cmake_progress_report /home/hyeongjun/workspace/raspberrypi/build_arm/CMakeFiles/CMakeTmp/CMakeFiles 1]
  ignore line: [Building CXX object CMakeFiles/cmTryCompileExec3739128685.dir/CMakeCXXCompilerABI.cpp.o]
  ignore line: [/usr/bin/arm-linux-gnueabihf-g++     -o CMakeFiles/cmTryCompileExec3739128685.dir/CMakeCXXCompilerABI.cpp.o -c /usr/share/cmake-3.2/Modules/CMakeCXXCompilerABI.cpp]
  ignore line: [Linking CXX executable cmTryCompileExec3739128685]
  ignore line: [/usr/bin/cmake -E cmake_link_script CMakeFiles/cmTryCompileExec3739128685.dir/link.txt --verbose=1]
  ignore line: [/usr/bin/arm-linux-gnueabihf-g++       -v CMakeFiles/cmTryCompileExec3739128685.dir/CMakeCXXCompilerABI.cpp.o  -o cmTryCompileExec3739128685 -rdynamic  ]
  ignore line: [Using built-in specs.]
  ignore line: [COLLECT_GCC=/usr/bin/arm-linux-gnueabihf-g++]
  ignore line: [COLLECT_LTO_WRAPPER=/usr/lib/gcc-cross/arm-linux-gnueabihf/4.8/lto-wrapper]
  ignore line: [Target: arm-linux-gnueabihf]
  ignore line: [Configured with: ../src/configure -v --with-pkgversion='Ubuntu/Linaro 4.8.4-2ubuntu1~14.04.1' --with-bugurl=file:///usr/share/doc/gcc-4.8/README.Bugs --enable-languages=c,c++,java,go,d,fortran,objc,obj-c++ --prefix=/usr --program-suffix=-4.8 --enable-shared --enable-linker-build-id --libexecdir=/usr/lib --without-included-gettext --enable-threads=posix --with-gxx-include-dir=/usr/arm-linux-gnueabihf/include/c++/4.8.4 --libdir=/usr/lib --enable-nls --with-sysroot=/ --enable-clocale=gnu --enable-libstdcxx-debug --enable-libstdcxx-time=yes --enable-gnu-unique-object --disable-libmudflap --disable-libitm --disable-libquadmath --enable-plugin --with-system-zlib --disable-browser-plugin --enable-java-awt=gtk --enable-gtk-cairo --with-java-home=/usr/lib/jvm/java-1.5.0-gcj-4.8-armhf-cross/jre --enable-java-home --with-jvm-root-dir=/usr/lib/jvm/java-1.5.0-gcj-4.8-armhf-cross --with-jvm-jar-dir=/usr/lib/jvm-exports/java-1.5.0-gcj-4.8-armhf-cross --with-arch-directory=arm --with-ecj-jar=/usr/share/java/eclipse-ecj.jar --disable-libgcj --enable-objc-gc --enable-multiarch --enable-multilib --disable-sjlj-exceptions --with-arch=armv7-a --with-fpu=vfpv3-d16 --with-float=hard --with-mode=thumb --disable-werror --enable-checking=release --build=x86_64-linux-gnu --host=x86_64-linux-gnu --target=arm-linux-gnueabihf --program-prefix=arm-linux-gnueabihf- --includedir=/usr/arm-linux-gnueabihf/include]
  ignore line: [Thread model: posix]
  ignore line: [gcc version 4.8.4 (Ubuntu/Linaro 4.8.4-2ubuntu1~14.04.1) ]
  ignore line: [COMPILER_PATH=/usr/lib/gcc-cross/arm-linux-gnueabihf/4.8/:/usr/lib/gcc-cross/arm-linux-gnueabihf/4.8/:/usr/lib/gcc-cross/arm-linux-gnueabihf/:/usr/lib/gcc-cross/arm-linux-gnueabihf/4.8/:/usr/lib/gcc-cross/arm-linux-gnueabihf/:/usr/lib/gcc-cross/arm-linux-gnueabihf/4.8/../../../../arm-linux-gnueabihf/bin/]
  ignore line: [LIBRARY_PATH=/usr/lib/gcc-cross/arm-linux-gnueabihf/4.8/:/usr/lib/gcc-cross/arm-linux-gnueabihf/4.8/../../../../arm-linux-gnueabihf/lib/../lib/:/lib/../lib/:/usr/lib/../lib/:/usr/lib/gcc-cross/arm-linux-gnueabihf/4.8/../../../../arm-linux-gnueabihf/lib/:/lib/:/usr/lib/]
  ignore line: [COLLECT_GCC_OPTIONS='-v' '-o' 'cmTryCompileExec3739128685' '-rdynamic' '-shared-libgcc' '-march=armv7-a' '-mfloat-abi=hard' '-mfpu=vfpv3-d16' '-mthumb' '-mtls-dialect=gnu']
  link line: [ /usr/lib/gcc-cross/arm-linux-gnueabihf/4.8/collect2 --sysroot=/ --build-id --eh-frame-hdr -export-dynamic -dynamic-linker /lib/ld-linux-armhf.so.3 -X --hash-style=gnu --as-needed -m armelf_linux_eabi -z relro -o cmTryCompileExec3739128685 /usr/lib/gcc-cross/arm-linux-gnueabihf/4.8/../../../../arm-linux-gnueabihf/lib/../lib/crt1.o /usr/lib/gcc-cross/arm-linux-gnueabihf/4.8/../../../../arm-linux-gnueabihf/lib/../lib/crti.o /usr/lib/gcc-cross/arm-linux-gnueabihf/4.8/crtbegin.o -L/usr/lib/gcc-cross/arm-linux-gnueabihf/4.8 -L/usr/lib/gcc-cross/arm-linux-gnueabihf/4.8/../../../../arm-linux-gnueabihf/lib/../lib -L/lib/../lib -L/usr/lib/../lib -L/usr/lib/gcc-cross/arm-linux-gnueabihf/4.8/../../../../arm-linux-gnueabihf/lib CMakeFiles/cmTryCompileExec3739128685.dir/CMakeCXXCompilerABI.cpp.o -lstdc++ -lm -lgcc_s -lgcc -lc -lgcc_s -lgcc /usr/lib/gcc-cross/arm-linux-gnueabihf/4.8/crtend.o /usr/lib/gcc-cross/arm-linux-gnueabihf/4.8/../../../../arm-linux-gnueabihf/lib/../lib/crtn.o]
    arg [/usr/lib/gcc-cross/arm-linux-gnueabihf/4.8/collect2] ==> ignore
    arg [--sysroot=/] ==> ignore
    arg [--build-id] ==> ignore
    arg [--eh-frame-hdr] ==> ignore
    arg [-export-dynamic] ==> ignore
    arg [-dynamic-linker] ==> ignore
    arg [/lib/ld-linux-armhf.so.3] ==> ignore
    arg [-X] ==> ignore
    arg [--hash-style=gnu] ==> ignore
    arg [--as-needed] ==> ignore
    arg [-m] ==> ignore
    arg [armelf_linux_eabi] ==> ignore
    arg [-zrelro] ==> ignore
    arg [-o] ==> ignore
    arg [cmTryCompileExec3739128685] ==> ignore
    arg [/usr/lib/gcc-cross/arm-linux-gnueabihf/4.8/../../../../arm-linux-gnueabihf/lib/../lib/crt1.o] ==> ignore
    arg [/usr/lib/gcc-cross/arm-linux-gnueabihf/4.8/../../../../arm-linux-gnueabihf/lib/../lib/crti.o] ==> ignore
    arg [/usr/lib/gcc-cross/arm-linux-gnueabihf/4.8/crtbegin.o] ==> ignore
    arg [-L/usr/lib/gcc-cross/arm-linux-gnueabihf/4.8] ==> dir [/usr/lib/gcc-cross/arm-linux-gnueabihf/4.8]
    arg [-L/usr/lib/gcc-cross/arm-linux-gnueabihf/4.8/../../../../arm-linux-gnueabihf/lib/../lib] ==> dir [/usr/lib/gcc-cross/arm-linux-gnueabihf/4.8/../../../../arm-linux-gnueabihf/lib/../lib]
    arg [-L/lib/../lib] ==> dir [/lib/../lib]
    arg [-L/usr/lib/../lib] ==> dir [/usr/lib/../lib]
    arg [-L/usr/lib/gcc-cross/arm-linux-gnueabihf/4.8/../../../../arm-linux-gnueabihf/lib] ==> dir [/usr/lib/gcc-cross/arm-linux-gnueabihf/4.8/../../../../arm-linux-gnueabihf/lib]
    arg [CMakeFiles/cmTryCompileExec3739128685.dir/CMakeCXXCompilerABI.cpp.o] ==> ignore
    arg [-lstdc++] ==> lib [stdc++]
    arg [-lm] ==> lib [m]
    arg [-lgcc_s] ==> lib [gcc_s]
    arg [-lgcc] ==> lib [gcc]
    arg [-lc] ==> lib [c]
    arg [-lgcc_s] ==> lib [gcc_s]
    arg [-lgcc] ==> lib [gcc]
    arg [/usr/lib/gcc-cross/arm-linux-gnueabihf/4.8/crtend.o] ==> ignore
    arg [/usr/lib/gcc-cross/arm-linux-gnueabihf/4.8/../../../../arm-linux-gnueabihf/lib/../lib/crtn.o] ==> ignore
  remove lib [gcc_s]
  remove lib [gcc]
  remove lib [gcc_s]
  remove lib [gcc]
  collapse library dir [/usr/lib/gcc-cross/arm-linux-gnueabihf/4.8] ==> [/usr/lib/gcc-cross/arm-linux-gnueabihf/4.8]
  collapse library dir [/usr/lib/gcc-cross/arm-linux-gnueabihf/4.8/../../../../arm-linux-gnueabihf/lib/../lib] ==> [/usr/arm-linux-gnueabihf/lib]
  collapse library dir [/lib/../lib] ==> [/lib]
  collapse library dir [/usr/lib/../lib] ==> [/usr/lib]
  collapse library dir [/usr/lib/gcc-cross/arm-linux-gnueabihf/4.8/../../../../arm-linux-gnueabihf/lib] ==> [/usr/arm-linux-gnueabihf/lib]
  implicit libs: [stdc++;m;c]
  implicit dirs: [/usr/lib/gcc-cross/arm-linux-gnueabihf/4.8;/usr/arm-linux-gnueabihf/lib;/lib;/usr/lib]
  implicit fwks: []




Detecting CXX [-std=c++1y] compiler features compiled with the following output:
Change Dir: /home/hyeongjun/workspace/raspberrypi/build_arm/CMakeFiles/CMakeTmp

Run Build Command:"/usr/bin/make" "cmTryCompileExec483212369/fast"
/usr/bin/make -f CMakeFiles/cmTryCompileExec483212369.dir/build.make CMakeFiles/cmTryCompileExec483212369.dir/build
make[1]: Entering directory `/home/hyeongjun/workspace/raspberrypi/build_arm/CMakeFiles/CMakeTmp'
/usr/bin/cmake -E cmake_progress_report /home/hyeongjun/workspace/raspberrypi/build_arm/CMakeFiles/CMakeTmp/CMakeFiles 1
Building CXX object CMakeFiles/cmTryCompileExec483212369.dir/feature_tests.cxx.o
/usr/bin/arm-linux-gnueabihf-g++    -std=c++1y -o CMakeFiles/cmTryCompileExec483212369.dir/feature_tests.cxx.o -c /home/hyeongjun/workspace/raspberrypi/build_arm/CMakeFiles/feature_tests.cxx
Linking CXX executable cmTryCompileExec483212369
/usr/bin/cmake -E cmake_link_script CMakeFiles/cmTryCompileExec483212369.dir/link.txt --verbose=1
/usr/bin/arm-linux-gnueabihf-g++        CMakeFiles/cmTryCompileExec483212369.dir/feature_tests.cxx.o  -o cmTryCompileExec483212369 -rdynamic 
make[1]: Leaving directory `/home/hyeongjun/workspace/raspberrypi/build_arm/CMakeFiles/CMakeTmp'


    Feature record: CXX_FEATURE:0cxx_aggregate_default_initializers
    Feature record: CXX_FEATURE:1cxx_alias_templates
    Feature record: CXX_FEATURE:1cxx_alignas
    Feature record: CXX_FEATURE:1cxx_alignof
    Feature record: CXX_FEATURE:1cxx_attributes
    Feature record: CXX_FEATURE:0cxx_attribute_deprecated
    Feature record: CXX_FEATURE:1cxx_auto_type
    Feature record: CXX_FEATURE:0cxx_binary_literals
    Feature record: CXX_FEATURE:1cxx_constexpr
    Feature record: CXX_FEATURE:0cxx_contextual_conversions
    Feature record: CXX_FEATURE:1cxx_decltype
    Feature record: CXX_FEATURE:0cxx_decltype_auto
    Feature record: CXX_FEATURE:1cxx_decltype_incomplete_return_types
    Feature record: CXX_FEATURE:1cxx_default_function_template_args
    Feature record: CXX_FEATURE:1cxx_defaulted_functions
    Feature record: CXX_FEATURE:1cxx_defaulted_move_initializers
    Feature record: CXX_FEATURE:1cxx_delegating_constructors
    Feature record: CXX_FEATURE:1cxx_deleted_functions
    Feature record: CXX_FEATURE:0cxx_digit_separators
    Feature record: CXX_FEATURE:1cxx_enum_forward_declarations
    Feature record: CXX_FEATURE:1cxx_explicit_conversions
    Feature record: CXX_FEATURE:1cxx_extended_friend_declarations
    Feature record: CXX_FEATURE:1cxx_extern_templates
    Feature record: CXX_FEATURE:1cxx_final
    Feature record: CXX_FEATURE:1cxx_func_identifier
    Feature record: CXX_FEATURE:1cxx_generalized_initializers
    Feature record: CXX_FEATURE:0cxx_generic_lambdas
    Feature record: CXX_FEATURE:1cxx_inheriting_constructors
    Feature record: CXX_FEATURE:1cxx_inline_namespaces
    Feature record: CXX_FEATURE:1cxx_lambdas
    Feature record: CXX_FEATURE:0cxx_lambda_init_captures
    Feature record: CXX_FEATURE:1cxx_local_type_template_args
    Feature record: CXX_FEATURE:1cxx_long_long_type
    Feature record: CXX_FEATURE:1cxx_noexcept
    Feature record: CXX_FEATURE:1cxx_nonstatic_member_init
    Feature record: CXX_FEATURE:1cxx_nullptr
    Feature record: CXX_FEATURE:1cxx_override
    Feature record: CXX_FEATURE:1cxx_range_for
    Feature record: CXX_FEATURE:1cxx_raw_string_literals
    Feature record: CXX_FEATURE:1cxx_reference_qualified_functions
    Feature record: CXX_FEATURE:0cxx_relaxed_constexpr
    Feature record: CXX_FEATURE:0cxx_return_type_deduction
    Feature record: CXX_FEATURE:1cxx_right_angle_brackets
    Feature record: CXX_FEATURE:1cxx_rvalue_references
    Feature record: CXX_FEATURE:1cxx_sizeof_member
    Feature record: CXX_FEATURE:1cxx_static_assert
    Feature record: CXX_FEATURE:1cxx_strong_enums
    Feature record: CXX_FEATURE:1cxx_template_template_parameters
    Feature record: CXX_FEATURE:1cxx_thread_local
    Feature record: CXX_FEATURE:1cxx_trailing_return_types
    Feature record: CXX_FEATURE:1cxx_unicode_literals
    Feature record: CXX_FEATURE:1cxx_uniform_initialization
    Feature record: CXX_FEATURE:1cxx_unrestricted_unions
    Feature record: CXX_FEATURE:1cxx_user_literals
    Feature record: CXX_FEATURE:0cxx_variable_templates
    Feature record: CXX_FEATURE:1cxx_variadic_macros
    Feature record: CXX_FEATURE:1cxx_variadic_templates


Detecting CXX [-std=c++11] compiler features compiled with the following output:
Change Dir: /home/hyeongjun/workspace/raspberrypi/build_arm/CMakeFiles/CMakeTmp

Run Build Command:"/usr/bin/make" "cmTryCompileExec220085315/fast"
/usr/bin/make -f CMakeFiles/cmTryCompileExec220085315.dir/build.make CMakeFiles/cmTryCompileExec220085315.dir/build
make[1]: Entering directory `/home/hyeongjun/workspace/raspberrypi/build_arm/CMakeFiles/CMakeTmp'
/usr/bin/cmake -E cmake_progress_report /home/hyeongjun/workspace/raspberrypi/build_arm/CMakeFiles/CMakeTmp/CMakeFiles 1
Building CXX object CMakeFiles/cmTryCompileExec220085315.dir/feature_tests.cxx.o
/usr/bin/arm-linux-gnueabihf-g++    -std=c++11 -o CMakeFiles/cmTryCompileExec220085315.dir/feature_tests.cxx.o -c /home/hyeongjun/workspace/raspberrypi/build_arm/CMakeFiles/feature_tests.cxx
Linking CXX executable cmTryCompileExec220085315
/usr/bin/cmake -E cmake_link_script CMakeFiles/cmTryCompileExec220085315.dir/link.txt --verbose=1
/usr/bin/arm-linux-gnueabihf-g++        CMakeFiles/cmTryCompileExec220085315.dir/feature_tests.cxx.o  -o cmTryCompileExec220085315 -rdynamic 
make[1]: Leaving directory `/home/hyeongjun/workspace/raspberrypi/build_arm/CMakeFiles/CMakeTmp'


    Feature record: CXX_FEATURE:0cxx_aggregate_default_initializers
    Feature record: CXX_FEATURE:1cxx_alias_templates
    Feature record: CXX_FEATURE:1cxx_alignas
    Feature record: CXX_FEATURE:1cxx_alignof
    Feature record: CXX_FEATURE:1cxx_attributes
    Feature record: CXX_FEATURE:0cxx_attribute_deprecated
    Feature record: CXX_FEATURE:1cxx_auto_type
    Feature record: CXX_FEATURE:0cxx_binary_literals
    Feature record: CXX_FEATURE:1cxx_constexpr
    Feature record: CXX_FEATURE:0cxx_contextual_conversions
    Feature record: CXX_FEATURE:1cxx_decltype
    Feature record: CXX_FEATURE:0cxx_decltype_auto
    Feature record: CXX_FEATURE:1cxx_decltype_incomplete_return_types
    Feature record: CXX_FEATURE:1cxx_default_function_template_args
    Feature record: CXX_FEATURE:1cxx_defaulted_functions
    Feature record: CXX_FEATURE:1cxx_defaulted_move_initializers
    Feature record: CXX_FEATURE:1cxx_delegating_constructors
    Feature record: CXX_FEATURE:1cxx_deleted_functions
    Feature record: CXX_FEATURE:0cxx_digit_separators
    Feature record: CXX_FEATURE:1cxx_enum_forward_declarations
    Feature record: CXX_FEATURE:1cxx_explicit_conversions
    Feature record: CXX_FEATURE:1cxx_extended_friend_declarations
    Feature record: CXX_FEATURE:1cxx_extern_templates
    Feature record: CXX_FEATURE:1cxx_final
    Feature record: CXX_FEATURE:1cxx_func_identifier
    Feature record: CXX_FEATURE:1cxx_generalized_initializers
    Feature record: CXX_FEATURE:0cxx_generic_lambdas
    Feature record: CXX_FEATURE:1cxx_inheriting_constructors
    Feature record: CXX_FEATURE:1cxx_inline_namespaces
    Feature record: CXX_FEATURE:1cxx_lambdas
    Feature record: CXX_FEATURE:0cxx_lambda_init_captures
    Feature record: CXX_FEATURE:1cxx_local_type_template_args
    Feature record: CXX_FEATURE:1cxx_long_long_type
    Feature record: CXX_FEATURE:1cxx_noexcept
    Feature record: CXX_FEATURE:1cxx_nonstatic_member_init
    Feature record: CXX_FEATURE:1cxx_nullptr
    Feature record: CXX_FEATURE:1cxx_override
    Feature record: CXX_FEATURE:1cxx_range_for
    Feature record: CXX_FEATURE:1cxx_raw_string_literals
    Feature record: CXX_FEATURE:1cxx_reference_qualified_functions
    Feature record: CXX_FEATURE:0cxx_relaxed_constexpr
    Feature record: CXX_FEATURE:0cxx_return_type_deduction
    Feature record: CXX_FEATURE:1cxx_right_angle_brackets
    Feature record: CXX_FEATURE:1cxx_rvalue_references
    Feature record: CXX_FEATURE:1cxx_sizeof_member
    Feature record: CXX_FEATURE:1cxx_static_assert
    Feature record: CXX_FEATURE:1cxx_strong_enums
    Feature record: CXX_FEATURE:1cxx_template_template_parameters
    Feature record: CXX_FEATURE:1cxx_thread_local
    Feature record: CXX_FEATURE:1cxx_trailing_return_types
    Feature record: CXX_FEATURE:1cxx_unicode_literals
    Feature record: CXX_FEATURE:1cxx_uniform_initialization
    Feature record: CXX_FEATURE:1cxx_unrestricted_unions
    Feature record: CXX_FEATURE:1cxx_user_literals
    Feature record: CXX_FEATURE:0cxx_variable_templates
    Feature record: CXX_FEATURE:1cxx_variadic_macros
    Feature record: CXX_FEATURE:1cxx_variadic_templates


Detecting CXX [-std=c++98] compiler features compiled with the following output:
Change Dir: /home/hyeongjun/workspace/raspberrypi/build_arm/CMakeFiles/CMakeTmp

Run Build Command:"/usr/bin/make" "cmTryCompileExec1690470431/fast"
/usr/bin/make -f CMakeFiles/cmTryCompileExec1690470431.dir/build.make CMakeFiles/cmTryCompileExec1690470431.dir/build
make[1]: Entering directory `/home/hyeongjun/workspace/raspberrypi/build_arm/CMakeFiles/CMakeTmp'
/usr/bin/cmake -E cmake_progress_report /home/hyeongjun/workspace/raspberrypi/build_arm/CMakeFiles/CMakeTmp/CMakeFiles 1
Building CXX object CMakeFiles/cmTryCompileExec1690470431.dir/feature_tests.cxx.o
/usr/bin/arm-linux-gnueabihf-g++    -std=c++98 -o CMakeFiles/cmTryCompileExec1690470431.dir/feature_tests.cxx.o -c /home/hyeongjun/workspace/raspberrypi/build_arm/CMakeFiles/feature_tests.cxx
Linking CXX executable cmTryCompileExec1690470431
/usr/bin/cmake -E cmake_link_script CMakeFiles/cmTryCompileExec1690470431.dir/link.txt --verbose=1
/usr/bin/arm-linux-gnueabihf-g++        CMakeFiles/cmTryCompileExec1690470431.dir/feature_tests.cxx.o  -o cmTryCompileExec1690470431 -rdynamic 
make[1]: Leaving directory `/home/hyeongjun/workspace/raspberrypi/build_arm/CMakeFiles/CMakeTmp'


    Feature record: CXX_FEATURE:0cxx_aggregate_default_initializers
    Feature record: CXX_FEATURE:0cxx_alias_templates
    Feature record: CXX_FEATURE:0cxx_alignas
    Feature record: CXX_FEATURE:0cxx_alignof
    Feature record: CXX_FEATURE:0cxx_attributes
    Feature record: CXX_FEATURE:0cxx_attribute_deprecated
    Feature record: CXX_FEATURE:0cxx_auto_type
    Feature record: CXX_FEATURE:0cxx_binary_literals
    Feature record: CXX_FEATURE:0cxx_constexpr
    Feature record: CXX_FEATURE:0cxx_contextual_conversions
    Feature record: CXX_FEATURE:0cxx_decltype
    Feature record: CXX_FEATURE:0cxx_decltype_auto
    Feature record: CXX_FEATURE:0cxx_decltype_incomplete_return_types
    Feature record: CXX_FEATURE:0cxx_default_function_template_args
    Feature record: CXX_FEATURE:0cxx_defaulted_functions
    Feature record: CXX_FEATURE:0cxx_defaulted_move_initializers
    Feature record: CXX_FEATURE:0cxx_delegating_constructors
    Feature record: CXX_FEATURE:0cxx_deleted_functions
    Feature record: CXX_FEATURE:0cxx_digit_separators
    Feature record: CXX_FEATURE:0cxx_enum_forward_declarations
    Feature record: CXX_FEATURE:0cxx_explicit_conversions
    Feature record: CXX_FEATURE:0cxx_extended_friend_declarations
    Feature record: CXX_FEATURE:0cxx_extern_templates
    Feature record: CXX_FEATURE:0cxx_final
    Feature record: CXX_FEATURE:0cxx_func_identifier
    Feature record: CXX_FEATURE:0cxx_generalized_initializers
    Feature record: CXX_FEATURE:0cxx_generic_lambdas
    Feature record: CXX_FEATURE:0cxx_inheriting_constructors
    Feature record: CXX_FEATURE:0cxx_inline_namespaces
    Feature record: CXX_FEATURE:0cxx_lambdas
    Feature record: CXX_FEATURE:0cxx_lambda_init_captures
    Feature record: CXX_FEATURE:0cxx_local_type_template_args
    Feature record: CXX_FEATURE:0cxx_long_long_type
    Feature record: CXX_FEATURE:0cxx_noexcept
    Feature record: CXX_FEATURE:0cxx_nonstatic_member_init
    Feature record: CXX_FEATURE:0cxx_nullptr
    Feature record: CXX_FEATURE:0cxx_override
    Feature record: CXX_FEATURE:0cxx_range_for
    Feature record: CXX_FEATURE:0cxx_raw_string_literals
    Feature record: CXX_FEATURE:0cxx_reference_qualified_functions
    Feature record: CXX_FEATURE:0cxx_relaxed_constexpr
    Feature record: CXX_FEATURE:0cxx_return_type_deduction
    Feature record: CXX_FEATURE:0cxx_right_angle_brackets
    Feature record: CXX_FEATURE:0cxx_rvalue_references
    Feature record: CXX_FEATURE:0cxx_sizeof_member
    Feature record: CXX_FEATURE:0cxx_static_assert
    Feature record: CXX_FEATURE:0cxx_strong_enums
    Feature record: CXX_FEATURE:1cxx_template_template_parameters
    Feature record: CXX_FEATURE:0cxx_thread_local
    Feature record: CXX_FEATURE:0cxx_trailing_return_types
    Feature record: CXX_FEATURE:0cxx_unicode_literals
    Feature record: CXX_FEATURE:0cxx_uniform_initialization
    Feature record: CXX_FEATURE:0cxx_unrestricted_unions
    Feature record: CXX_FEATURE:0cxx_user_literals
    Feature record: CXX_FEATURE:0cxx_variable_templates
    Feature record: CXX_FEATURE:0cxx_variadic_macros
    Feature record: CXX_FEATURE:0cxx_variadic_templates
Checking whether the ASM compiler is GNU using "--version" matched "(GNU assembler)|(GCC)|(Free Software Foundation)":
GNU assembler (GNU Binutils for Ubuntu) 2.24
Copyright 2013 Free Software Foundation, Inc.
This program is free software; you may redistribute it under the terms of
the GNU General Public License version 3 or later.
This program has absolutely no warranty.
This assembler was configured for a target of `arm-linux-gnueabihf'.
Determining if the include file sys/types.h exists passed with the following output:
Change Dir: /home/hyeongjun/workspace/raspberrypi/build_arm/CMakeFiles/CMakeTmp

Run Build Command:"/usr/bin/make" "cmTryCompileExec2379942011/fast"
/usr/bin/make -f CMakeFiles/cmTryCompileExec2379942011.dir/build.make CMakeFiles/cmTryCompileExec2379942011.dir/build
make[1]: Entering directory `/home/hyeongjun/workspace/raspberrypi/build_arm/CMakeFiles/CMakeTmp'
/usr/bin/cmake -E cmake_progress_report /home/hyeongjun/workspace/raspberrypi/build_arm/CMakeFiles/CMakeTmp/CMakeFiles 1
Building C object CMakeFiles/cmTryCompileExec2379942011.dir/CheckIncludeFile.c.o
/usr/bin/arm-linux-gnueabihf-gcc    -o CMakeFiles/cmTryCompileExec2379942011.dir/CheckIncludeFile.c.o   -c /home/hyeongjun/workspace/raspberrypi/build_arm/CMakeFiles/CMakeTmp/CheckIncludeFile.c
Linking C executable cmTryCompileExec2379942011
/usr/bin/cmake -E cmake_link_script CMakeFiles/cmTryCompileExec2379942011.dir/link.txt --verbose=1
/usr/bin/arm-linux-gnueabihf-gcc        CMakeFiles/cmTryCompileExec2379942011.dir/CheckIncludeFile.c.o  -o cmTryCompileExec2379942011 -rdynamic 
make[1]: Leaving directory `/home/hyeongjun/workspace/raspberrypi/build_arm/CMakeFiles/CMakeTmp'


Determining if the include file stdint.h exists passed with the following output:
Change Dir: /home/hyeongjun/workspace/raspberrypi/build_arm/CMakeFiles/CMakeTmp

Run Build Command:"/usr/bin/make" "cmTryCompileExec3646906578/fast"
/usr/bin/make -f CMakeFiles/cmTryCompileExec3646906578.dir/build.make CMakeFiles/cmTryCompileExec3646906578.dir/build
make[1]: Entering directory `/home/hyeongjun/workspace/raspberrypi/build_arm/CMakeFiles/CMakeTmp'
/usr/bin/cmake -E cmake_progress_report /home/hyeongjun/workspace/raspberrypi/build_arm/CMakeFiles/CMakeTmp/CMakeFiles 1
Building C object CMakeFiles/cmTryCompileExec3646906578.dir/CheckIncludeFile.c.o
/usr/bin/arm-linux-gnueabihf-gcc    -o CMakeFiles/cmTryCompileExec3646906578.dir/CheckIncludeFile.c.o   -c /home/hyeongjun/workspace/raspberrypi/build_arm/CMakeFiles/CMakeTmp/CheckIncludeFile.c
Linking C executable cmTryCompileExec3646906578
/usr/bin/cmake -E cmake_link_script CMakeFiles/cmTryCompileExec3646906578.dir/link.txt --verbose=1
/usr/bin/arm-linux-gnueabihf-gcc        CMakeFiles/cmTryCompileExec3646906578.dir/CheckIncludeFile.c.o  -o cmTryCompileExec3646906578 -rdynamic 
make[1]: Leaving directory `/home/hyeongjun/workspace/raspberrypi/build_arm/CMakeFiles/CMakeTmp'


Determining if the include file stddef.h exists passed with the following output:
Change Dir: /home/hyeongjun/workspace/raspberrypi/build_arm/CMakeFiles/CMakeTmp

Run Build Command:"/usr/bin/make" "cmTryCompileExec1970829341/fast"
/usr/bin/make -f CMakeFiles/cmTryCompileExec1970829341.dir/build.make CMakeFiles/cmTryCompileExec1970829341.dir/build
make[1]: Entering directory `/home/hyeongjun/workspace/raspberrypi/build_arm/CMakeFiles/CMakeTmp'
/usr/bin/cmake -E cmake_progress_report /home/hyeongjun/workspace/raspberrypi/build_arm/CMakeFiles/CMakeTmp/CMakeFiles 1
Building C object CMakeFiles/cmTryCompileExec1970829341.dir/CheckIncludeFile.c.o
/usr/bin/arm-linux-gnueabihf-gcc    -o CMakeFiles/cmTryCompileExec1970829341.dir/CheckIncludeFile.c.o   -c /home/hyeongjun/workspace/raspberrypi/build_arm/CMakeFiles/CMakeTmp/CheckIncludeFile.c
Linking C executable cmTryCompileExec1970829341
/usr/bin/cmake -E cmake_link_script CMakeFiles/cmTryCompileExec1970829341.dir/link.txt --verbose=1
/usr/bin/arm-linux-gnueabihf-gcc        CMakeFiles/cmTryCompileExec1970829341.dir/CheckIncludeFile.c.o  -o cmTryCompileExec1970829341 -rdynamic 
make[1]: Leaving directory `/home/hyeongjun/workspace/raspberrypi/build_arm/CMakeFiles/CMakeTmp'


Determining size of uint passed with the following output:
Change Dir: /home/hyeongjun/workspace/raspberrypi/build_arm/CMakeFiles/CMakeTmp

Run Build Command:"/usr/bin/make" "cmTryCompileExec3731280376/fast"
/usr/bin/make -f CMakeFiles/cmTryCompileExec3731280376.dir/build.make CMakeFiles/cmTryCompileExec3731280376.dir/build
make[1]: Entering directory `/home/hyeongjun/workspace/raspberrypi/build_arm/CMakeFiles/CMakeTmp'
/usr/bin/cmake -E cmake_progress_report /home/hyeongjun/workspace/raspberrypi/build_arm/CMakeFiles/CMakeTmp/CMakeFiles 1
Building C object CMakeFiles/cmTryCompileExec3731280376.dir/DR_DO_NOT_DEFINE_uint.c.o
/usr/bin/arm-linux-gnueabihf-gcc    -o CMakeFiles/cmTryCompileExec3731280376.dir/DR_DO_NOT_DEFINE_uint.c.o   -c /home/hyeongjun/workspace/raspberrypi/build_arm/CMakeFiles/CheckTypeSize/DR_DO_NOT_DEFINE_uint.c
Linking C executable cmTryCompileExec3731280376
/usr/bin/cmake -E cmake_link_script CMakeFiles/cmTryCompileExec3731280376.dir/link.txt --verbose=1
/usr/bin/arm-linux-gnueabihf-gcc        CMakeFiles/cmTryCompileExec3731280376.dir/DR_DO_NOT_DEFINE_uint.c.o  -o cmTryCompileExec3731280376 -rdynamic 
make[1]: Leaving directory `/home/hyeongjun/workspace/raspberrypi/build_arm/CMakeFiles/CMakeTmp'


Determining size of ushort passed with the following output:
Change Dir: /home/hyeongjun/workspace/raspberrypi/build_arm/CMakeFiles/CMakeTmp

Run Build Command:"/usr/bin/make" "cmTryCompileExec1180119085/fast"
/usr/bin/make -f CMakeFiles/cmTryCompileExec1180119085.dir/build.make CMakeFiles/cmTryCompileExec1180119085.dir/build
make[1]: Entering directory `/home/hyeongjun/workspace/raspberrypi/build_arm/CMakeFiles/CMakeTmp'
/usr/bin/cmake -E cmake_progress_report /home/hyeongjun/workspace/raspberrypi/build_arm/CMakeFiles/CMakeTmp/CMakeFiles 1
Building C object CMakeFiles/cmTryCompileExec1180119085.dir/DR_DO_NOT_DEFINE_ushort.c.o
/usr/bin/arm-linux-gnueabihf-gcc    -o CMakeFiles/cmTryCompileExec1180119085.dir/DR_DO_NOT_DEFINE_ushort.c.o   -c /home/hyeongjun/workspace/raspberrypi/build_arm/CMakeFiles/CheckTypeSize/DR_DO_NOT_DEFINE_ushort.c
Linking C executable cmTryCompileExec1180119085
/usr/bin/cmake -E cmake_link_script CMakeFiles/cmTryCompileExec1180119085.dir/link.txt --verbose=1
/usr/bin/arm-linux-gnueabihf-gcc        CMakeFiles/cmTryCompileExec1180119085.dir/DR_DO_NOT_DEFINE_ushort.c.o  -o cmTryCompileExec1180119085 -rdynamic 
make[1]: Leaving directory `/home/hyeongjun/workspace/raspberrypi/build_arm/CMakeFiles/CMakeTmp'


Determining size of _Bool passed with the following output:
Change Dir: /home/hyeongjun/workspace/raspberrypi/build_arm/CMakeFiles/CMakeTmp

Run Build Command:"/usr/bin/make" "cmTryCompileExec2182125797/fast"
/usr/bin/make -f CMakeFiles/cmTryCompileExec2182125797.dir/build.make CMakeFiles/cmTryCompileExec2182125797.dir/build
make[1]: Entering directory `/home/hyeongjun/workspace/raspberrypi/build_arm/CMakeFiles/CMakeTmp'
/usr/bin/cmake -E cmake_progress_report /home/hyeongjun/workspace/raspberrypi/build_arm/CMakeFiles/CMakeTmp/CMakeFiles 1
Building C object CMakeFiles/cmTryCompileExec2182125797.dir/DR__Bool_EXISTS.c.o
/usr/bin/arm-linux-gnueabihf-gcc    -o CMakeFiles/cmTryCompileExec2182125797.dir/DR__Bool_EXISTS.c.o   -c /home/hyeongjun/workspace/raspberrypi/build_arm/CMakeFiles/CheckTypeSize/DR__Bool_EXISTS.c
Linking C executable cmTryCompileExec2182125797
/usr/bin/cmake -E cmake_link_script CMakeFiles/cmTryCompileExec2182125797.dir/link.txt --verbose=1
/usr/bin/arm-linux-gnueabihf-gcc        CMakeFiles/cmTryCompileExec2182125797.dir/DR__Bool_EXISTS.c.o  -o cmTryCompileExec2182125797 -rdynamic 
make[1]: Leaving directory `/home/hyeongjun/workspace/raspberrypi/build_arm/CMakeFiles/CMakeTmp'


Performing C SOURCE FILE Test no_stack_protector_avail succeded with the following output:
Change Dir: /home/hyeongjun/workspace/raspberrypi/build_arm/CMakeFiles/CMakeTmp

Run Build Command:"/usr/bin/make" "cmTryCompileExec3155920560/fast"
/usr/bin/make -f CMakeFiles/cmTryCompileExec3155920560.dir/build.make CMakeFiles/cmTryCompileExec3155920560.dir/build
make[1]: Entering directory `/home/hyeongjun/workspace/raspberrypi/build_arm/CMakeFiles/CMakeTmp'
/usr/bin/cmake -E cmake_progress_report /home/hyeongjun/workspace/raspberrypi/build_arm/CMakeFiles/CMakeTmp/CMakeFiles 1
Building C object CMakeFiles/cmTryCompileExec3155920560.dir/src.c.o
/usr/bin/arm-linux-gnueabihf-gcc   -Dno_stack_protector_avail   -fno-stack-protector -o CMakeFiles/cmTryCompileExec3155920560.dir/src.c.o   -c /home/hyeongjun/workspace/raspberrypi/build_arm/CMakeFiles/CMakeTmp/src.c
Linking C executable cmTryCompileExec3155920560
/usr/bin/cmake -E cmake_link_script CMakeFiles/cmTryCompileExec3155920560.dir/link.txt --verbose=1
/usr/bin/arm-linux-gnueabihf-gcc    -Dno_stack_protector_avail    CMakeFiles/cmTryCompileExec3155920560.dir/src.c.o  -o cmTryCompileExec3155920560 -rdynamic 
make[1]: Leaving directory `/home/hyeongjun/workspace/raspberrypi/build_arm/CMakeFiles/CMakeTmp'

Source file was:
int main(void) { return 0; }
Performing C SOURCE FILE Test nounused_avail succeded with the following output:
Change Dir: /home/hyeongjun/workspace/raspberrypi/build_arm/CMakeFiles/CMakeTmp

Run Build Command:"/usr/bin/make" "cmTryCompileExec1943014021/fast"
/usr/bin/make -f CMakeFiles/cmTryCompileExec1943014021.dir/build.make CMakeFiles/cmTryCompileExec1943014021.dir/build
make[1]: Entering directory `/home/hyeongjun/workspace/raspberrypi/build_arm/CMakeFiles/CMakeTmp'
/usr/bin/cmake -E cmake_progress_report /home/hyeongjun/workspace/raspberrypi/build_arm/CMakeFiles/CMakeTmp/CMakeFiles 1
Building C object CMakeFiles/cmTryCompileExec1943014021.dir/src.c.o
/usr/bin/arm-linux-gnueabihf-gcc   -Dnounused_avail   -Wno-unused-but-set-variable -o CMakeFiles/cmTryCompileExec1943014021.dir/src.c.o   -c /home/hyeongjun/workspace/raspberrypi/build_arm/CMakeFiles/CMakeTmp/src.c
Linking C executable cmTryCompileExec1943014021
/usr/bin/cmake -E cmake_link_script CMakeFiles/cmTryCompileExec1943014021.dir/link.txt --verbose=1
/usr/bin/arm-linux-gnueabihf-gcc    -Dnounused_avail    CMakeFiles/cmTryCompileExec1943014021.dir/src.c.o  -o cmTryCompileExec1943014021 -rdynamic 
make[1]: Leaving directory `/home/hyeongjun/workspace/raspberrypi/build_arm/CMakeFiles/CMakeTmp'

Source file was:
int main(void) { return 0; }
Performing C SOURCE FILE Test HAVE_TYPELIMITS_CONTROL succeded with the following output:
Change Dir: /home/hyeongjun/workspace/raspberrypi/build_arm/CMakeFiles/CMakeTmp

Run Build Command:"/usr/bin/make" "cmTryCompileExec3835663639/fast"
/usr/bin/make -f CMakeFiles/cmTryCompileExec3835663639.dir/build.make CMakeFiles/cmTryCompileExec3835663639.dir/build
make[1]: Entering directory `/home/hyeongjun/workspace/raspberrypi/build_arm/CMakeFiles/CMakeTmp'
/usr/bin/cmake -E cmake_progress_report /home/hyeongjun/workspace/raspberrypi/build_arm/CMakeFiles/CMakeTmp/CMakeFiles 1
Building C object CMakeFiles/cmTryCompileExec3835663639.dir/src.c.o
/usr/bin/arm-linux-gnueabihf-gcc   -DHAVE_TYPELIMITS_CONTROL   -Wtype-limits -o CMakeFiles/cmTryCompileExec3835663639.dir/src.c.o   -c /home/hyeongjun/workspace/raspberrypi/build_arm/CMakeFiles/CMakeTmp/src.c
Linking C executable cmTryCompileExec3835663639
/usr/bin/cmake -E cmake_link_script CMakeFiles/cmTryCompileExec3835663639.dir/link.txt --verbose=1
/usr/bin/arm-linux-gnueabihf-gcc    -DHAVE_TYPELIMITS_CONTROL    CMakeFiles/cmTryCompileExec3835663639.dir/src.c.o  -o cmTryCompileExec3835663639 -rdynamic 
make[1]: Leaving directory `/home/hyeongjun/workspace/raspberrypi/build_arm/CMakeFiles/CMakeTmp'

Source file was:
int main(void) { return 0; }
Performing C SOURCE FILE Test HAVE_FVISIBILITY_INTERNAL succeded with the following output:
Change Dir: /home/hyeongjun/workspace/raspberrypi/build_arm/CMakeFiles/CMakeTmp

Run Build Command:"/usr/bin/make" "cmTryCompileExec1034031602/fast"
/usr/bin/make -f CMakeFiles/cmTryCompileExec1034031602.dir/build.make CMakeFiles/cmTryCompileExec1034031602.dir/build
make[1]: Entering directory `/home/hyeongjun/workspace/raspberrypi/build_arm/CMakeFiles/CMakeTmp'
/usr/bin/cmake -E cmake_progress_report /home/hyeongjun/workspace/raspberrypi/build_arm/CMakeFiles/CMakeTmp/CMakeFiles 1
Building C object CMakeFiles/cmTryCompileExec1034031602.dir/src.c.o
/usr/bin/arm-linux-gnueabihf-gcc   -DHAVE_FVISIBILITY_INTERNAL   -fvisibility=internal -o CMakeFiles/cmTryCompileExec1034031602.dir/src.c.o   -c /home/hyeongjun/workspace/raspberrypi/build_arm/CMakeFiles/CMakeTmp/src.c
Linking C executable cmTryCompileExec1034031602
/usr/bin/cmake -E cmake_link_script CMakeFiles/cmTryCompileExec1034031602.dir/link.txt --verbose=1
/usr/bin/arm-linux-gnueabihf-gcc    -DHAVE_FVISIBILITY_INTERNAL    CMakeFiles/cmTryCompileExec1034031602.dir/src.c.o  -o cmTryCompileExec1034031602 -rdynamic 
make[1]: Leaving directory `/home/hyeongjun/workspace/raspberrypi/build_arm/CMakeFiles/CMakeTmp'

Source file was:
int main(void) { return 0; }
Performing C SOURCE FILE Test HAVE_FVISIBILITY_HIDDEN succeded with the following output:
Change Dir: /home/hyeongjun/workspace/raspberrypi/build_arm/CMakeFiles/CMakeTmp

Run Build Command:"/usr/bin/make" "cmTryCompileExec3322487871/fast"
/usr/bin/make -f CMakeFiles/cmTryCompileExec3322487871.dir/build.make CMakeFiles/cmTryCompileExec3322487871.dir/build
make[1]: Entering directory `/home/hyeongjun/workspace/raspberrypi/build_arm/CMakeFiles/CMakeTmp'
/usr/bin/cmake -E cmake_progress_report /home/hyeongjun/workspace/raspberrypi/build_arm/CMakeFiles/CMakeTmp/CMakeFiles 1
Building C object CMakeFiles/cmTryCompileExec3322487871.dir/src.c.o
/usr/bin/arm-linux-gnueabihf-gcc   -DHAVE_FVISIBILITY_HIDDEN   -fvisibility=hidden -o CMakeFiles/cmTryCompileExec3322487871.dir/src.c.o   -c /home/hyeongjun/workspace/raspberrypi/build_arm/CMakeFiles/CMakeTmp/src.c
Linking C executable cmTryCompileExec3322487871
/usr/bin/cmake -E cmake_link_script CMakeFiles/cmTryCompileExec3322487871.dir/link.txt --verbose=1
/usr/bin/arm-linux-gnueabihf-gcc    -DHAVE_FVISIBILITY_HIDDEN    CMakeFiles/cmTryCompileExec3322487871.dir/src.c.o  -o cmTryCompileExec3322487871 -rdynamic 
make[1]: Leaving directory `/home/hyeongjun/workspace/raspberrypi/build_arm/CMakeFiles/CMakeTmp'

Source file was:
int main(void) { return 0; }
Performing C++ SOURCE FILE Test GCC_HAS_NO_PSABI succeded with the following output:
Change Dir: /home/hyeongjun/workspace/raspberrypi/build_arm/CMakeFiles/CMakeTmp

Run Build Command:"/usr/bin/make" "cmTryCompileExec4075622421/fast"
/usr/bin/make -f CMakeFiles/cmTryCompileExec4075622421.dir/build.make CMakeFiles/cmTryCompileExec4075622421.dir/build
make[1]: Entering directory `/home/hyeongjun/workspace/raspberrypi/build_arm/CMakeFiles/CMakeTmp'
/usr/bin/cmake -E cmake_progress_report /home/hyeongjun/workspace/raspberrypi/build_arm/CMakeFiles/CMakeTmp/CMakeFiles 1
Building CXX object CMakeFiles/cmTryCompileExec4075622421.dir/src.cxx.o
/usr/bin/arm-linux-gnueabihf-g++    -mthumb -march=armv7-a  -fno-strict-aliasing -fno-stack-protector -fvisibility=internal  -std=c++11 -O3 -g3 -Wall -Werror -Wwrite-strings -Wno-unused-but-set-variable -DGCC_HAS_NO_PSABI   -Wno-psabi -o CMakeFiles/cmTryCompileExec4075622421.dir/src.cxx.o -c /home/hyeongjun/workspace/raspberrypi/build_arm/CMakeFiles/CMakeTmp/src.cxx
Linking CXX executable cmTryCompileExec4075622421
/usr/bin/cmake -E cmake_link_script CMakeFiles/cmTryCompileExec4075622421.dir/link.txt --verbose=1
/usr/bin/arm-linux-gnueabihf-g++   -mthumb -march=armv7-a  -fno-strict-aliasing -fno-stack-protector -fvisibility=internal  -std=c++11 -O3 -g3 -Wall -Werror -Wwrite-strings -Wno-unused-but-set-variable -DGCC_HAS_NO_PSABI     CMakeFiles/cmTryCompileExec4075622421.dir/src.cxx.o  -o cmTryCompileExec4075622421 -rdynamic 
make[1]: Leaving directory `/home/hyeongjun/workspace/raspberrypi/build_arm/CMakeFiles/CMakeTmp'

Source file was:
int main() { return 0; }
